app/build/intermediates/manifest_merge_blame_file/debug/processDebugMainManifest/manifest-merger-blame-debug-report.txt
1<?xml version="1.0" encoding="utf-8"?>
2<manifest xmlns:android="http://schemas.android.com/apk/res/android"
3    package="com.fuelfinder"
4    android:versionCode="1"
5    android:versionName="1.0" >
6
7    <uses-sdk
8        android:minSdkVersion="24"
9        android:targetSdkVersion="34" />
10
11    <uses-permission android:name="android.permission.INTERNET" />
11-->src\main\AndroidManifest.xml:4:5-66
11-->src\main\AndroidManifest.xml:4:22-64
12    <uses-permission android:name="android.permission.ACCESS_NETWORK_STATE" />
12-->src\main\AndroidManifest.xml:5:5-78
12-->src\main\AndroidManifest.xml:5:22-76
13    <uses-permission android:name="android.permission.ACCESS_FINE_LOCATION" />
13-->src\main\AndroidManifest.xml:6:5-78
13-->src\main\AndroidManifest.xml:6:22-76
14    <uses-permission android:name="android.permission.ACCESS_COARSE_LOCATION" />
14-->src\main\AndroidManifest.xml:7:5-80
14-->src\main\AndroidManifest.xml:7:22-78
15    <uses-permission
15-->src\main\AndroidManifest.xml:8:5-107
16        android:name="android.permission.WRITE_EXTERNAL_STORAGE"
16-->src\main\AndroidManifest.xml:8:22-78
17        android:maxSdkVersion="28" />
17-->src\main\AndroidManifest.xml:8:79-105
18
19    <permission
19-->[androidx.core:core:1.12.0] AndroidManifest.xml:22:5-24:47
20        android:name="com.fuelfinder.DYNAMIC_RECEIVER_NOT_EXPORTED_PERMISSION"
20-->[androidx.core:core:1.12.0] AndroidManifest.xml:23:9-81
21        android:protectionLevel="signature" />
21-->[androidx.core:core:1.12.0] AndroidManifest.xml:24:9-44
22
23    <uses-permission android:name="com.fuelfinder.DYNAMIC_RECEIVER_NOT_EXPORTED_PERMISSION" />
23-->[androidx.core:core:1.12.0] AndroidManifest.xml:26:5-97
23-->[androidx.core:core:1.12.0] AndroidManifest.xml:26:22-94
24
25    <supports-screens
25-->[org.osmdroid:osmdroid-android:6.1.18] AndroidManifest.xml:9:5-12:40
26        android:anyDensity="true"
26-->[org.osmdroid:osmdroid-android:6.1.18] AndroidManifest.xml:10:9-34
27        android:largeScreens="true"
27-->[org.osmdroid:osmdroid-android:6.1.18] AndroidManifest.xml:11:9-36
28        android:normalScreens="true" />
28-->[org.osmdroid:osmdroid-android:6.1.18] AndroidManifest.xml:12:9-37
29
30    <uses-feature
30-->[org.osmdroid:osmdroid-android:6.1.18] AndroidManifest.xml:14:5-16:36
31        android:name="android.hardware.location.network"
31-->[org.osmdroid:osmdroid-android:6.1.18] AndroidManifest.xml:15:9-57
32        android:required="false" />
32-->[org.osmdroid:osmdroid-android:6.1.18] AndroidManifest.xml:16:9-33
33    <uses-feature
33-->[org.osmdroid:osmdroid-android:6.1.18] AndroidManifest.xml:17:5-19:36
34        android:name="android.hardware.location.gps"
34-->[org.osmdroid:osmdroid-android:6.1.18] AndroidManifest.xml:18:9-53
35        android:required="false" />
35-->[org.osmdroid:osmdroid-android:6.1.18] AndroidManifest.xml:19:9-33
36    <uses-feature
36-->[org.osmdroid:osmdroid-android:6.1.18] AndroidManifest.xml:20:5-22:36
37        android:name="android.hardware.telephony"
37-->[org.osmdroid:osmdroid-android:6.1.18] AndroidManifest.xml:21:9-50
38        android:required="false" />
38-->[org.osmdroid:osmdroid-android:6.1.18] AndroidManifest.xml:22:9-33
39    <uses-feature
39-->[org.osmdroid:osmdroid-android:6.1.18] AndroidManifest.xml:23:5-25:36
40        android:name="android.hardware.wifi"
40-->[org.osmdroid:osmdroid-android:6.1.18] AndroidManifest.xml:24:9-45
41        android:required="false" />
41-->[org.osmdroid:osmdroid-android:6.1.18] AndroidManifest.xml:25:9-33
42
43    <application
43-->src\main\AndroidManifest.xml:10:5-29:19
44        android:allowBackup="true"
44-->src\main\AndroidManifest.xml:11:9-35
45        android:appComponentFactory="androidx.core.app.CoreComponentFactory"
45-->[androidx.core:core:1.12.0] AndroidManifest.xml:28:18-86
46        android:debuggable="true"
47        android:extractNativeLibs="false"
48        android:icon="@mipmap/ic_launcher"
48-->src\main\AndroidManifest.xml:12:9-43
49        android:label="@string/app_name"
49-->src\main\AndroidManifest.xml:13:9-41
50        android:roundIcon="@mipmap/ic_launcher_round"
50-->src\main\AndroidManifest.xml:14:9-54
51        android:supportsRtl="true"
51-->src\main\AndroidManifest.xml:15:9-35
52        android:testOnly="true"
53        android:theme="@style/Theme.FuelFinder"
53-->src\main\AndroidManifest.xml:16:9-48
54        android:usesCleartextTraffic="true" >
54-->src\main\AndroidManifest.xml:17:9-44
55        <activity
55-->src\main\AndroidManifest.xml:19:9-27:20
56            android:name="com.fuelfinder.ui.MainActivity"
56-->src\main\AndroidManifest.xml:20:13-44
57            android:exported="true"
57-->src\main\AndroidManifest.xml:21:13-36
58            android:windowSoftInputMode="adjustResize" >
58-->src\main\AndroidManifest.xml:22:13-55
59            <intent-filter>
59-->src\main\AndroidManifest.xml:23:13-26:29
60                <action android:name="android.intent.action.MAIN" />
60-->src\main\AndroidManifest.xml:24:17-68
60-->src\main\AndroidManifest.xml:24:25-66
61
62                <category android:name="android.intent.category.LAUNCHER" />
62-->src\main\AndroidManifest.xml:25:17-76
62-->src\main\AndroidManifest.xml:25:27-74
63            </intent-filter>
64        </activity>
65
66        <provider
66-->[androidx.emoji2:emoji2:1.2.0] AndroidManifest.xml:24:9-32:20
67            android:name="androidx.startup.InitializationProvider"
67-->[androidx.emoji2:emoji2:1.2.0] AndroidManifest.xml:25:13-67
68            android:authorities="com.fuelfinder.androidx-startup"
68-->[androidx.emoji2:emoji2:1.2.0] AndroidManifest.xml:26:13-68
69            android:exported="false" >
69-->[androidx.emoji2:emoji2:1.2.0] AndroidManifest.xml:27:13-37
70            <meta-data
70-->[androidx.emoji2:emoji2:1.2.0] AndroidManifest.xml:29:13-31:52
71                android:name="androidx.emoji2.text.EmojiCompatInitializer"
71-->[androidx.emoji2:emoji2:1.2.0] AndroidManifest.xml:30:17-75
72                android:value="androidx.startup" />
72-->[androidx.emoji2:emoji2:1.2.0] AndroidManifest.xml:31:17-49
73            <meta-data
73-->[androidx.lifecycle:lifecycle-process:2.6.2] AndroidManifest.xml:29:13-31:52
74                android:name="androidx.lifecycle.ProcessLifecycleInitializer"
74-->[androidx.lifecycle:lifecycle-process:2.6.2] AndroidManifest.xml:30:17-78
75                android:value="androidx.startup" />
75-->[androidx.lifecycle:lifecycle-process:2.6.2] AndroidManifest.xml:31:17-49
76            <meta-data
76-->[androidx.profileinstaller:profileinstaller:1.3.0] AndroidManifest.xml:29:13-31:52
77                android:name="androidx.profileinstaller.ProfileInstallerInitializer"
77-->[androidx.profileinstaller:profileinstaller:1.3.0] AndroidManifest.xml:30:17-85
78                android:value="androidx.startup" />
78-->[androidx.profileinstaller:profileinstaller:1.3.0] AndroidManifest.xml:31:17-49
79        </provider>
80
81        <receiver
81-->[androidx.profileinstaller:profileinstaller:1.3.0] AndroidManifest.xml:34:9-52:20
82            android:name="androidx.profileinstaller.ProfileInstallReceiver"
82-->[androidx.profileinstaller:profileinstaller:1.3.0] AndroidManifest.xml:35:13-76
83            android:directBootAware="false"
83-->[androidx.profileinstaller:profileinstaller:1.3.0] AndroidManifest.xml:36:13-44
84            android:enabled="true"
84-->[androidx.profileinstaller:profileinstaller:1.3.0] AndroidManifest.xml:37:13-35
85            android:exported="true"
85-->[androidx.profileinstaller:profileinstaller:1.3.0] AndroidManifest.xml:38:13-36
86            android:permission="android.permission.DUMP" >
86-->[androidx.profileinstaller:profileinstaller:1.3.0] AndroidManifest.xml:39:13-57
87            <intent-filter>
87-->[androidx.profileinstaller:profileinstaller:1.3.0] AndroidManifest.xml:40:13-42:29
88                <action android:name="androidx.profileinstaller.action.INSTALL_PROFILE" />
88-->[androidx.profileinstaller:profileinstaller:1.3.0] AndroidManifest.xml:41:17-91
88-->[androidx.profileinstaller:profileinstaller:1.3.0] AndroidManifest.xml:41:25-88
89            </intent-filter>
90            <intent-filter>
90-->[androidx.profileinstaller:profileinstaller:1.3.0] AndroidManifest.xml:43:13-45:29
91                <action android:name="androidx.profileinstaller.action.SKIP_FILE" />
91-->[androidx.profileinstaller:profileinstaller:1.3.0] AndroidManifest.xml:44:17-85
91-->[androidx.profileinstaller:profileinstaller:1.3.0] AndroidManifest.xml:44:25-82
92            </intent-filter>
93            <intent-filter>
93-->[androidx.profileinstaller:profileinstaller:1.3.0] AndroidManifest.xml:46:13-48:29
94                <action android:name="androidx.profileinstaller.action.SAVE_PROFILE" />
94-->[androidx.profileinstaller:profileinstaller:1.3.0] AndroidManifest.xml:47:17-88
94-->[androidx.profileinstaller:profileinstaller:1.3.0] AndroidManifest.xml:47:25-85
95            </intent-filter>
96            <intent-filter>
96-->[androidx.profileinstaller:profileinstaller:1.3.0] AndroidManifest.xml:49:13-51:29
97                <action android:name="androidx.profileinstaller.action.BENCHMARK_OPERATION" />
97-->[androidx.profileinstaller:profileinstaller:1.3.0] AndroidManifest.xml:50:17-95
97-->[androidx.profileinstaller:profileinstaller:1.3.0] AndroidManifest.xml:50:25-92
98            </intent-filter>
99        </receiver>
100    </application>
101
102</manifest>